<?xml version="1.0" encoding="UTF-8"?>
<coverage generated="1781016390798" clover="3.2.0">
  <project timestamp="1781016390798" name="All files">
    <metrics statements="10" coveredstatements="10" conditionals="10" coveredconditionals="10" methods="14" coveredmethods="14" elements="34" coveredelements="34" complexity="0" loc="10" ncloc="10" packages="1" files="1" classes="1"/>
    <file name="todoHelpers.ts" path="/Users/arundhungana/Desktop/code-folder/protfolio/src/page/ReactLearn/todoHelpers.ts">
      <metrics statements="10" coveredstatements="10" conditionals="10" coveredconditionals="10" methods="14" coveredmethods="14"/>
      <line num="10" count="6" type="stmt"/>
      <line num="14" count="4" type="cond" truecount="2" falsecount="0"/>
      <line num="18" count="3" type="stmt"/>
      <line num="22" count="3" type="stmt"/>
      <line num="26" count="4" type="cond" truecount="2" falsecount="0"/>
      <line num="30" count="3" type="cond" truecount="2" falsecount="0"/>
      <line num="31" count="2" type="cond" truecount="2" falsecount="0"/>
      <line num="32" count="1" type="stmt"/>
      <line num="36" count="4" type="cond" truecount="2" falsecount="0"/>
      <line num="37" count="6" type="stmt"/>
    </file>
  </project>
</coverage>
