{"/Users/arundhungana/Desktop/code-folder/protfolio/src/page/ReactLearn/todoHelpers.ts": {"path":"/Users/arundhungana/Desktop/code-folder/protfolio/src/page/ReactLearn/todoHelpers.ts","statementMap":{"0":{"start":{"line":10,"column":2},"end":{"line":10,"column":null}},"1":{"start":{"line":14,"column":2},"end":{"line":14,"column":null}},"2":{"start":{"line":14,"column":27},"end":{"line":14,"column":69}},"3":{"start":{"line":18,"column":2},"end":{"line":18,"column":null}},"4":{"start":{"line":18,"column":29},"end":{"line":18,"column":40}},"5":{"start":{"line":22,"column":2},"end":{"line":22,"column":null}},"6":{"start":{"line":22,"column":29},"end":{"line":22,"column":36}},"7":{"start":{"line":26,"column":2},"end":{"line":26,"column":null}},"8":{"start":{"line":26,"column":27},"end":{"line":26,"column":73}},"9":{"start":{"line":30,"column":2},"end":{"line":30,"column":null}},"10":{"start":{"line":30,"column":27},"end":{"line":30,"column":null}},"11":{"start":{"line":30,"column":54},"end":{"line":30,"column":61}},"12":{"start":{"line":31,"column":2},"end":{"line":31,"column":null}},"13":{"start":{"line":31,"column":30},"end":{"line":31,"column":null}},"14":{"start":{"line":31,"column":57},"end":{"line":31,"column":63}},"15":{"start":{"line":32,"column":2},"end":{"line":32,"column":null}},"16":{"start":{"line":36,"column":2},"end":{"line":38,"column":null}},"17":{"start":{"line":37,"column":38},"end":{"line":37,"column":44}}},"fnMap":{"0":{"name":"addTodo","decl":{"start":{"line":9,"column":16},"end":{"line":9,"column":24}},"loc":{"start":{"line":9,"column":61},"end":{"line":11,"column":null}},"line":9},"1":{"name":"toggleTodo","decl":{"start":{"line":13,"column":16},"end":{"line":13,"column":27}},"loc":{"start":{"line":13,"column":62},"end":{"line":15,"column":null}},"line":13},"2":{"name":"(anonymous_2)","decl":{"start":{"line":14,"column":19},"end":{"line":14,"column":20}},"loc":{"start":{"line":14,"column":27},"end":{"line":14,"column":69}},"line":14},"3":{"name":"deleteTodo","decl":{"start":{"line":17,"column":16},"end":{"line":17,"column":27}},"loc":{"start":{"line":17,"column":62},"end":{"line":19,"column":null}},"line":17},"4":{"name":"(anonymous_4)","decl":{"start":{"line":18,"column":22},"end":{"line":18,"column":23}},"loc":{"start":{"line":18,"column":29},"end":{"line":18,"column":40}},"line":18},"5":{"name":"clearCompleted","decl":{"start":{"line":21,"column":16},"end":{"line":21,"column":31}},"loc":{"start":{"line":21,"column":54},"end":{"line":23,"column":null}},"line":21},"6":{"name":"(anonymous_6)","decl":{"start":{"line":22,"column":22},"end":{"line":22,"column":23}},"loc":{"start":{"line":22,"column":29},"end":{"line":22,"column":36}},"line":22},"7":{"name":"saveEdit","decl":{"start":{"line":25,"column":16},"end":{"line":25,"column":25}},"loc":{"start":{"line":25,"column":74},"end":{"line":27,"column":null}},"line":25},"8":{"name":"(anonymous_8)","decl":{"start":{"line":26,"column":19},"end":{"line":26,"column":20}},"loc":{"start":{"line":26,"column":27},"end":{"line":26,"column":73}},"line":26},"9":{"name":"filterTodos","decl":{"start":{"line":29,"column":16},"end":{"line":29,"column":28}},"loc":{"start":{"line":29,"column":67},"end":{"line":33,"column":null}},"line":29},"10":{"name":"(anonymous_10)","decl":{"start":{"line":30,"column":47},"end":{"line":30,"column":48}},"loc":{"start":{"line":30,"column":54},"end":{"line":30,"column":61}},"line":30},"11":{"name":"(anonymous_11)","decl":{"start":{"line":31,"column":50},"end":{"line":31,"column":51}},"loc":{"start":{"line":31,"column":57},"end":{"line":31,"column":63}},"line":31},"12":{"name":"getProgress","decl":{"start":{"line":35,"column":16},"end":{"line":35,"column":28}},"loc":{"start":{"line":35,"column":51},"end":{"line":39,"column":null}},"line":35},"13":{"name":"(anonymous_13)","decl":{"start":{"line":37,"column":31},"end":{"line":37,"column":32}},"loc":{"start":{"line":37,"column":38},"end":{"line":37,"column":44}},"line":37}},"branchMap":{"0":{"loc":{"start":{"line":14,"column":27},"end":{"line":14,"column":69}},"type":"cond-expr","locations":[{"start":{"line":14,"column":41},"end":{"line":14,"column":67}},{"start":{"line":14,"column":67},"end":{"line":14,"column":69}}],"line":14},"1":{"loc":{"start":{"line":26,"column":27},"end":{"line":26,"column":73}},"type":"cond-expr","locations":[{"start":{"line":26,"column":41},"end":{"line":26,"column":71}},{"start":{"line":26,"column":71},"end":{"line":26,"column":73}}],"line":26},"2":{"loc":{"start":{"line":30,"column":2},"end":{"line":30,"column":null}},"type":"if","locations":[{"start":{"line":30,"column":2},"end":{"line":30,"column":null}},{"start":{},"end":{}}],"line":30},"3":{"loc":{"start":{"line":31,"column":2},"end":{"line":31,"column":null}},"type":"if","locations":[{"start":{"line":31,"column":2},"end":{"line":31,"column":null}},{"start":{},"end":{}}],"line":31},"4":{"loc":{"start":{"line":36,"column":9},"end":{"line":38,"column":null}},"type":"cond-expr","locations":[{"start":{"line":37,"column":6},"end":{"line":37,"column":null}},{"start":{"line":38,"column":6},"end":{"line":38,"column":null}}],"line":36}},"s":{"0":6,"1":3,"2":4,"3":2,"4":3,"5":2,"6":3,"7":3,"8":4,"9":3,"10":1,"11":2,"12":2,"13":2,"14":2,"15":1,"16":4,"17":6},"f":{"0":6,"1":3,"2":4,"3":2,"4":3,"5":2,"6":3,"7":3,"8":4,"9":3,"10":2,"11":2,"12":4,"13":6},"b":{"0":[3,1],"1":[3,1],"2":[1,2],"3":[1,1],"4":[3,1]},"meta":{"lastBranch":5,"lastFunction":14,"lastStatement":18,"seen":{"f:9:16:9:24":0,"s:10:2:10:Infinity":0,"f:13:16:13:27":1,"s:14:2:14:Infinity":1,"f:14:19:14:20":2,"s:14:27:14:69":2,"b:14:41:14:67:14:67:14:69":0,"f:17:16:17:27":3,"s:18:2:18:Infinity":3,"f:18:22:18:23":4,"s:18:29:18:40":4,"f:21:16:21:31":5,"s:22:2:22:Infinity":5,"f:22:22:22:23":6,"s:22:29:22:36":6,"f:25:16:25:25":7,"s:26:2:26:Infinity":7,"f:26:19:26:20":8,"s:26:27:26:73":8,"b:26:41:26:71:26:71:26:73":1,"f:29:16:29:28":9,"b:30:2:30:Infinity:undefined:undefined:undefined:undefined":2,"s:30:2:30:Infinity":9,"s:30:27:30:Infinity":10,"f:30:47:30:48":10,"s:30:54:30:61":11,"b:31:2:31:Infinity:undefined:undefined:undefined:undefined":3,"s:31:2:31:Infinity":12,"s:31:30:31:Infinity":13,"f:31:50:31:51":11,"s:31:57:31:63":14,"s:32:2:32:Infinity":15,"f:35:16:35:28":12,"s:36:2:38:Infinity":16,"b:37:6:37:Infinity:38:6:38:Infinity":4,"f:37:31:37:32":13,"s:37:38:37:44":17}}}
}
